<?xml version="1.0" encoding="UTF-8"?>
<testsuite name="Cenario: Valida Pesquisa Indicadores por Valor de Referencia" tests="6" skipped="2" failures="0" errors="0" timestamp="2018-09-12T19:25:05" hostname="NB-003934" time="10.497">
  <properties/>
  <testcase name="Dado que acesso o portal de desempenho comercial" classname="Cenario: Valida Pesquisa Indicadores por Valor de Referencia" time="0.0"/>
  <testcase name="E acesso o menu desejado" classname="Cenario: Valida Pesquisa Indicadores por Valor de Referencia" time="0.0"/>
  <testcase name="Quando verifico no banco de dados todos os indicadores" classname="Cenario: Valida Pesquisa Indicadores por Valor de Referencia" time="0.001"/>
  <testcase name="E pesquiso na tela com um registro válido retornado pelo banco de dados" classname="Cenario: Valida Pesquisa Indicadores por Valor de Referencia" time="0.0">
    <skipped/>
  </testcase>
  <testcase name="Entao valido se a pesquisa pelo valor referencia foi realizada" classname="Cenario: Valida Pesquisa Indicadores por Valor de Referencia" time="0.0">
    <skipped/>
  </testcase>
  <testcase name="classMethod" classname="Cenario: Valida Pesquisa Indicadores por Valor de Referencia" time="16.497"/>
  <system-out><![CDATA[Iniciando ChromeDriver.
Executando Cenario de Teste: Valida Pesquisa Indicadores por Valor de Referencia
Dado que acesso o portal de desempenho comercial
Acessando Portal: http://portal-dcr-ui.k8s.hlg.bancoagiplan.com.br
Realizando Captura de Tela
]]></system-out>
  <system-err><![CDATA[Starting ChromeDriver 2.41.578737 (49da6702b16031c40d63e5618de03a32ff6c197e) on port 29002
Only local connections are allowed.
Sep 12, 2018 4:25:00 PM org.openqa.selenium.remote.ProtocolHandshake createSession
INFO: Detected dialect: OSS
]]></system-err>
</testsuite>
